Determining if the pthread_create exist failed with the following output:
Change Dir: /home/mr_aweso_me/Documents/Alphabot_Thor/RaspberryPi/mjpg-streamer-experimental/_build/CMakeFiles/CMakeTmp

Run Build Command:"/usr/bin/make" "cmTC_07c2f/fast"
make[1]: Entering directory '/home/mr_aweso_me/Documents/Alphabot_Thor/RaspberryPi/mjpg-streamer-experimental/_build/CMakeFiles/CMakeTmp'
/usr/bin/make -f CMakeFiles/cmTC_07c2f.dir/build.make CMakeFiles/cmTC_07c2f.dir/build
make[2]: Entering directory '/home/mr_aweso_me/Documents/Alphabot_Thor/RaspberryPi/mjpg-streamer-experimental/_build/CMakeFiles/CMakeTmp'
Building C object CMakeFiles/cmTC_07c2f.dir/CheckSymbolExists.c.o
/usr/bin/cc    -o CMakeFiles/cmTC_07c2f.dir/CheckSymbolExists.c.o   -c /home/mr_aweso_me/Documents/Alphabot_Thor/RaspberryPi/mjpg-streamer-experimental/_build/CMakeFiles/CMakeTmp/CheckSymbolExists.c
Linking C executable cmTC_07c2f
/usr/bin/cmake -E cmake_link_script CMakeFiles/cmTC_07c2f.dir/link.txt --verbose=1
/usr/bin/cc      -rdynamic CMakeFiles/cmTC_07c2f.dir/CheckSymbolExists.c.o  -o cmTC_07c2f 
CMakeFiles/cmTC_07c2f.dir/CheckSymbolExists.c.o: In function `main':
CheckSymbolExists.c:(.text+0x1b): undefined reference to `pthread_create'
collect2: error: ld returned 1 exit status
CMakeFiles/cmTC_07c2f.dir/build.make:97: recipe for target 'cmTC_07c2f' failed
make[2]: *** [cmTC_07c2f] Error 1
make[2]: Leaving directory '/home/mr_aweso_me/Documents/Alphabot_Thor/RaspberryPi/mjpg-streamer-experimental/_build/CMakeFiles/CMakeTmp'
Makefile:126: recipe for target 'cmTC_07c2f/fast' failed
make[1]: *** [cmTC_07c2f/fast] Error 2
make[1]: Leaving directory '/home/mr_aweso_me/Documents/Alphabot_Thor/RaspberryPi/mjpg-streamer-experimental/_build/CMakeFiles/CMakeTmp'

File /home/mr_aweso_me/Documents/Alphabot_Thor/RaspberryPi/mjpg-streamer-experimental/_build/CMakeFiles/CMakeTmp/CheckSymbolExists.c:
/* */
#include <pthread.h>

int main(int argc, char** argv)
{
  (void)argv;
#ifndef pthread_create
  return ((int*)(&pthread_create))[argc];
#else
  (void)argc;
  return 0;
#endif
}

Determining if the function pthread_create exists in the pthreads failed with the following output:
Change Dir: /home/mr_aweso_me/Documents/Alphabot_Thor/RaspberryPi/mjpg-streamer-experimental/_build/CMakeFiles/CMakeTmp

Run Build Command:"/usr/bin/make" "cmTC_c0fcd/fast"
make[1]: Entering directory '/home/mr_aweso_me/Documents/Alphabot_Thor/RaspberryPi/mjpg-streamer-experimental/_build/CMakeFiles/CMakeTmp'
/usr/bin/make -f CMakeFiles/cmTC_c0fcd.dir/build.make CMakeFiles/cmTC_c0fcd.dir/build
make[2]: Entering directory '/home/mr_aweso_me/Documents/Alphabot_Thor/RaspberryPi/mjpg-streamer-experimental/_build/CMakeFiles/CMakeTmp'
Building C object CMakeFiles/cmTC_c0fcd.dir/CheckFunctionExists.c.o
/usr/bin/cc   -DCHECK_FUNCTION_EXISTS=pthread_create   -o CMakeFiles/cmTC_c0fcd.dir/CheckFunctionExists.c.o   -c /usr/share/cmake-3.10/Modules/CheckFunctionExists.c
Linking C executable cmTC_c0fcd
/usr/bin/cmake -E cmake_link_script CMakeFiles/cmTC_c0fcd.dir/link.txt --verbose=1
/usr/bin/cc  -DCHECK_FUNCTION_EXISTS=pthread_create    -rdynamic CMakeFiles/cmTC_c0fcd.dir/CheckFunctionExists.c.o  -o cmTC_c0fcd -lpthreads 
/usr/bin/ld: cannot find -lpthreads
collect2: error: ld returned 1 exit status
CMakeFiles/cmTC_c0fcd.dir/build.make:97: recipe for target 'cmTC_c0fcd' failed
make[2]: *** [cmTC_c0fcd] Error 1
make[2]: Leaving directory '/home/mr_aweso_me/Documents/Alphabot_Thor/RaspberryPi/mjpg-streamer-experimental/_build/CMakeFiles/CMakeTmp'
Makefile:126: recipe for target 'cmTC_c0fcd/fast' failed
make[1]: *** [cmTC_c0fcd/fast] Error 2
make[1]: Leaving directory '/home/mr_aweso_me/Documents/Alphabot_Thor/RaspberryPi/mjpg-streamer-experimental/_build/CMakeFiles/CMakeTmp'


